<?xml version="1.0" encoding="UTF-8"?>
<coverage generated="1619106295805" clover="3.2.0">
  <project timestamp="1619106295806" name="All files">
    <metrics statements="12" coveredstatements="10" conditionals="0" coveredconditionals="0" methods="5" coveredmethods="3" elements="17" coveredelements="13" complexity="0" loc="12" ncloc="12" packages="4" files="6" classes="6"/>
    <package name="Insert-Team-Name-react-native">
      <metrics statements="6" coveredstatements="4" conditionals="0" coveredconditionals="0" methods="3" coveredmethods="1"/>
      <file name="App.js" path="/Users/alec/Projects/makers-course/afternoon-challenges/Insert-Team-Name-react-native/App.js">
        <metrics statements="6" coveredstatements="4" conditionals="0" coveredconditionals="0" methods="3" coveredmethods="1"/>
        <line num="8" count="1" type="stmt"/>
        <line num="10" count="1" type="stmt"/>
        <line num="11" count="0" type="stmt"/>
        <line num="12" count="0" type="stmt"/>
        <line num="20" count="1" type="stmt"/>
        <line num="32" count="1" type="stmt"/>
      </file>
    </package>
    <package name="Insert-Team-Name-react-native.src.screens">
      <metrics statements="0" coveredstatements="0" conditionals="0" coveredconditionals="0" methods="0" coveredmethods="0"/>
      <file name="index.js" path="/Users/alec/Projects/makers-course/afternoon-challenges/Insert-Team-Name-react-native/src/screens/index.js">
        <metrics statements="0" coveredstatements="0" conditionals="0" coveredconditionals="0" methods="0" coveredmethods="0"/>
      </file>
    </package>
    <package name="Insert-Team-Name-react-native.src.screens.login">
      <metrics statements="3" coveredstatements="3" conditionals="0" coveredconditionals="0" methods="1" coveredmethods="1"/>
      <file name="index.js" path="/Users/alec/Projects/makers-course/afternoon-challenges/Insert-Team-Name-react-native/src/screens/login/index.js">
        <metrics statements="0" coveredstatements="0" conditionals="0" coveredconditionals="0" methods="0" coveredmethods="0"/>
      </file>
      <file name="login.js" path="/Users/alec/Projects/makers-course/afternoon-challenges/Insert-Team-Name-react-native/src/screens/login/login.js">
        <metrics statements="3" coveredstatements="3" conditionals="0" coveredconditionals="0" methods="1" coveredmethods="1"/>
        <line num="5" count="2" type="stmt"/>
        <line num="7" count="2" type="stmt"/>
        <line num="25" count="2" type="stmt"/>
      </file>
    </package>
    <package name="Insert-Team-Name-react-native.src.screens.signup">
      <metrics statements="3" coveredstatements="3" conditionals="0" coveredconditionals="0" methods="1" coveredmethods="1"/>
      <file name="index.js" path="/Users/alec/Projects/makers-course/afternoon-challenges/Insert-Team-Name-react-native/src/screens/signup/index.js">
        <metrics statements="0" coveredstatements="0" conditionals="0" coveredconditionals="0" methods="0" coveredmethods="0"/>
      </file>
      <file name="signup.js" path="/Users/alec/Projects/makers-course/afternoon-challenges/Insert-Team-Name-react-native/src/screens/signup/signup.js">
        <metrics statements="3" coveredstatements="3" conditionals="0" coveredconditionals="0" methods="1" coveredmethods="1"/>
        <line num="5" count="1" type="stmt"/>
        <line num="7" count="1" type="stmt"/>
        <line num="32" count="1" type="stmt"/>
      </file>
    </package>
  </project>
</coverage>
