{"/Users/jackhooper/Documents/Makers/Week Nine - (Full Course)/Insert-Team-Name-react-native/App.js": {"path":"/Users/jackhooper/Documents/Makers/Week Nine - (Full Course)/Insert-Team-Name-react-native/App.js","statementMap":{"0":{"start":{"line":11,"column":14},"end":{"line":11,"column":36}},"1":{"start":{"line":14,"column":26},"end":{"line":14,"column":38}},"2":{"start":{"line":20,"column":2},"end":{"line":36,"column":4}},"3":{"start":{"line":40,"column":15},"end":{"line":74,"column":2}}},"fnMap":{"0":{"name":"App","decl":{"start":{"line":13,"column":24},"end":{"line":13,"column":27}},"loc":{"start":{"line":13,"column":30},"end":{"line":37,"column":1}},"line":13}},"branchMap":{},"s":{"0":1,"1":2,"2":1,"3":1},"f":{"0":2},"b":{},"_coverageSchema":"1a1c01bbd47fc00a2c39e90264f33305004495a9","hash":"8330b8fdbce349619856a2930f4829267c43e255"}
,"/Users/jackhooper/Documents/Makers/Week Nine - (Full Course)/Insert-Team-Name-react-native/src/components/headbar.js": {"path":"/Users/jackhooper/Documents/Makers/Week Nine - (Full Course)/Insert-Team-Name-react-native/src/components/headbar.js","statementMap":{"0":{"start":{"line":5,"column":2},"end":{"line":9,"column":3}},"1":{"start":{"line":12,"column":15},"end":{"line":27,"column":2}}},"fnMap":{"0":{"name":"Headbar","decl":{"start":{"line":4,"column":9},"end":{"line":4,"column":16}},"loc":{"start":{"line":4,"column":19},"end":{"line":10,"column":1}},"line":4}},"branchMap":{},"s":{"0":1,"1":3},"f":{"0":1},"b":{},"_coverageSchema":"1a1c01bbd47fc00a2c39e90264f33305004495a9","hash":"042727796aa607bb11c30cde3077301e0a06edaa"}
,"/Users/jackhooper/Documents/Makers/Week Nine - (Full Course)/Insert-Team-Name-react-native/src/components/postLoader.js": {"path":"/Users/jackhooper/Documents/Makers/Week Nine - (Full Course)/Insert-Team-Name-react-native/src/components/postLoader.js","statementMap":{"0":{"start":{"line":5,"column":2},"end":{"line":12,"column":3}},"1":{"start":{"line":6,"column":19},"end":{"line":6,"column":78}},"2":{"start":{"line":7,"column":15},"end":{"line":7,"column":36}},"3":{"start":{"line":8,"column":4},"end":{"line":8,"column":15}},"4":{"start":{"line":11,"column":4},"end":{"line":11,"column":34}},"5":{"start":{"line":13,"column":2},"end":{"line":17,"column":3}}},"fnMap":{"0":{"name":"PostLoader","decl":{"start":{"line":4,"column":15},"end":{"line":4,"column":25}},"loc":{"start":{"line":4,"column":28},"end":{"line":18,"column":1}},"line":4}},"branchMap":{},"s":{"0":2,"1":2,"2":0,"3":0,"4":2,"5":2},"f":{"0":2},"b":{},"_coverageSchema":"1a1c01bbd47fc00a2c39e90264f33305004495a9","hash":"21767e32fc9ea94413e74d6c245a928839286373"}
,"/Users/jackhooper/Documents/Makers/Week Nine - (Full Course)/Insert-Team-Name-react-native/src/screens/index.js": {"path":"/Users/jackhooper/Documents/Makers/Week Nine - (Full Course)/Insert-Team-Name-react-native/src/screens/index.js","statementMap":{},"fnMap":{},"branchMap":{},"s":{},"f":{},"b":{},"_coverageSchema":"1a1c01bbd47fc00a2c39e90264f33305004495a9","hash":"6e82b05a776baf37c15856100dad6b0b36c8ab95"}
,"/Users/jackhooper/Documents/Makers/Week Nine - (Full Course)/Insert-Team-Name-react-native/src/screens/login/index.js": {"path":"/Users/jackhooper/Documents/Makers/Week Nine - (Full Course)/Insert-Team-Name-react-native/src/screens/login/index.js","statementMap":{},"fnMap":{},"branchMap":{},"s":{},"f":{},"b":{},"_coverageSchema":"1a1c01bbd47fc00a2c39e90264f33305004495a9","hash":"662c03d0747b235430c71ffddb4d9663937b207c"}
,"/Users/jackhooper/Documents/Makers/Week Nine - (Full Course)/Insert-Team-Name-react-native/src/screens/login/login.js": {"path":"/Users/jackhooper/Documents/Makers/Week Nine - (Full Course)/Insert-Team-Name-react-native/src/screens/login/login.js","statementMap":{"0":{"start":{"line":8,"column":2},"end":{"line":31,"column":11}},"1":{"start":{"line":34,"column":15},"end":{"line":68,"column":2}}},"fnMap":{"0":{"name":"LogInScreen","decl":{"start":{"line":7,"column":9},"end":{"line":7,"column":20}},"loc":{"start":{"line":7,"column":37},"end":{"line":32,"column":1}},"line":7}},"branchMap":{},"s":{"0":1,"1":2},"f":{"0":1},"b":{},"_coverageSchema":"1a1c01bbd47fc00a2c39e90264f33305004495a9","hash":"f3f755e7c1c549251eb61a941548a024030b6586"}
,"/Users/jackhooper/Documents/Makers/Week Nine - (Full Course)/Insert-Team-Name-react-native/src/screens/signup/index.js": {"path":"/Users/jackhooper/Documents/Makers/Week Nine - (Full Course)/Insert-Team-Name-react-native/src/screens/signup/index.js","statementMap":{},"fnMap":{},"branchMap":{},"s":{},"f":{},"b":{}}
,"/Users/jackhooper/Documents/Makers/Week Nine - (Full Course)/Insert-Team-Name-react-native/src/screens/signup/signup.js": {"path":"/Users/jackhooper/Documents/Makers/Week Nine - (Full Course)/Insert-Team-Name-react-native/src/screens/signup/signup.js","statementMap":{"0":{"start":{"line":6,"column":21},"end":{"line":61,"column":1}},"1":{"start":{"line":8,"column":32},"end":{"line":8,"column":44}},"2":{"start":{"line":9,"column":30},"end":{"line":9,"column":42}},"3":{"start":{"line":10,"column":32},"end":{"line":10,"column":44}},"4":{"start":{"line":11,"column":26},"end":{"line":11,"column":38}},"5":{"start":{"line":12,"column":32},"end":{"line":12,"column":44}},"6":{"start":{"line":14,"column":19},"end":{"line":23,"column":3}},"7":{"start":{"line":15,"column":4},"end":{"line":22,"column":5}},"8":{"start":{"line":16,"column":6},"end":{"line":17,"column":131}},"9":{"start":{"line":18,"column":8},"end":{"line":18,"column":38}},"10":{"start":{"line":21,"column":6},"end":{"line":21,"column":36}},"11":{"start":{"line":25,"column":2},"end":{"line":60,"column":3}},"12":{"start":{"line":31,"column":34},"end":{"line":31,"column":51}},"13":{"start":{"line":36,"column":34},"end":{"line":36,"column":50}},"14":{"start":{"line":41,"column":34},"end":{"line":41,"column":51}},"15":{"start":{"line":46,"column":34},"end":{"line":46,"column":48}},"16":{"start":{"line":51,"column":34},"end":{"line":51,"column":51}},"17":{"start":{"line":56,"column":72},"end":{"line":56,"column":85}},"18":{"start":{"line":63,"column":15},"end":{"line":97,"column":2}}},"fnMap":{"0":{"name":"(anonymous_0)","decl":{"start":{"line":6,"column":21},"end":{"line":6,"column":22}},"loc":{"start":{"line":6,"column":41},"end":{"line":61,"column":1}},"line":6},"1":{"name":"(anonymous_1)","decl":{"start":{"line":14,"column":19},"end":{"line":14,"column":20}},"loc":{"start":{"line":14,"column":30},"end":{"line":23,"column":3}},"line":14},"2":{"name":"(anonymous_2)","decl":{"start":{"line":31,"column":24},"end":{"line":31,"column":25}},"loc":{"start":{"line":31,"column":34},"end":{"line":31,"column":51}},"line":31},"3":{"name":"(anonymous_3)","decl":{"start":{"line":36,"column":24},"end":{"line":36,"column":25}},"loc":{"start":{"line":36,"column":34},"end":{"line":36,"column":50}},"line":36},"4":{"name":"(anonymous_4)","decl":{"start":{"line":41,"column":24},"end":{"line":41,"column":25}},"loc":{"start":{"line":41,"column":34},"end":{"line":41,"column":51}},"line":41},"5":{"name":"(anonymous_5)","decl":{"start":{"line":46,"column":24},"end":{"line":46,"column":25}},"loc":{"start":{"line":46,"column":34},"end":{"line":46,"column":48}},"line":46},"6":{"name":"(anonymous_6)","decl":{"start":{"line":51,"column":24},"end":{"line":51,"column":25}},"loc":{"start":{"line":51,"column":34},"end":{"line":51,"column":51}},"line":51},"7":{"name":"(anonymous_7)","decl":{"start":{"line":56,"column":65},"end":{"line":56,"column":66}},"loc":{"start":{"line":56,"column":71},"end":{"line":56,"column":86}},"line":56}},"branchMap":{},"s":{"0":2,"1":0,"2":0,"3":0,"4":0,"5":0,"6":0,"7":0,"8":0,"9":0,"10":0,"11":0,"12":0,"13":0,"14":0,"15":0,"16":0,"17":0,"18":2},"f":{"0":0,"1":0,"2":0,"3":0,"4":0,"5":0,"6":0,"7":0},"b":{},"_coverageSchema":"1a1c01bbd47fc00a2c39e90264f33305004495a9","hash":"c8a46631f23b6a70774c98c7e314df6ae65e0f4f"}
}
