{"/Users/emma/Coding/Makers/week 8/Insert-Team-Name-react-native/App.js": {"path":"/Users/emma/Coding/Makers/week 8/Insert-Team-Name-react-native/App.js","statementMap":{"0":{"start":{"line":8,"column":26},"end":{"line":8,"column":38}},"1":{"start":{"line":10,"column":18},"end":{"line":14,"column":3}},"2":{"start":{"line":11,"column":4},"end":{"line":13,"column":6}},"3":{"start":{"line":12,"column":6},"end":{"line":12,"column":23}},"4":{"start":{"line":16,"column":2},"end":{"line":18,"column":8}},"5":{"start":{"line":17,"column":4},"end":{"line":17,"column":13}},"6":{"start":{"line":20,"column":2},"end":{"line":42,"column":4}},"7":{"start":{"line":45,"column":15},"end":{"line":94,"column":2}}},"fnMap":{"0":{"name":"App","decl":{"start":{"line":7,"column":24},"end":{"line":7,"column":27}},"loc":{"start":{"line":7,"column":30},"end":{"line":43,"column":1}},"line":7},"1":{"name":"(anonymous_1)","decl":{"start":{"line":10,"column":18},"end":{"line":10,"column":19}},"loc":{"start":{"line":10,"column":29},"end":{"line":14,"column":3}},"line":10},"2":{"name":"(anonymous_2)","decl":{"start":{"line":11,"column":75},"end":{"line":11,"column":76}},"loc":{"start":{"line":11,"column":84},"end":{"line":13,"column":5}},"line":11},"3":{"name":"(anonymous_3)","decl":{"start":{"line":16,"column":12},"end":{"line":16,"column":13}},"loc":{"start":{"line":16,"column":18},"end":{"line":18,"column":3}},"line":16}},"branchMap":{},"s":{"0":1,"1":1,"2":0,"3":0,"4":1,"5":0,"6":1,"7":1},"f":{"0":1,"1":0,"2":0,"3":0},"b":{},"_coverageSchema":"1a1c01bbd47fc00a2c39e90264f33305004495a9","hash":"d0c7fcac4f582d38661f8d76c6859ebb3c57ed81"}
,"/Users/emma/Coding/Makers/week 8/Insert-Team-Name-react-native/src/screens/index.js": {"path":"/Users/emma/Coding/Makers/week 8/Insert-Team-Name-react-native/src/screens/index.js","statementMap":{},"fnMap":{},"branchMap":{},"s":{},"f":{},"b":{},"_coverageSchema":"1a1c01bbd47fc00a2c39e90264f33305004495a9","hash":"6871c510130a9a63b7e35639d94faa6f1fbb635f"}
,"/Users/emma/Coding/Makers/week 8/Insert-Team-Name-react-native/src/screens/login/index.js": {"path":"/Users/emma/Coding/Makers/week 8/Insert-Team-Name-react-native/src/screens/login/index.js","statementMap":{},"fnMap":{},"branchMap":{},"s":{},"f":{},"b":{},"_coverageSchema":"1a1c01bbd47fc00a2c39e90264f33305004495a9","hash":"18b33abc4a466e238ee651d084e2fb572502fa52"}
,"/Users/emma/Coding/Makers/week 8/Insert-Team-Name-react-native/src/screens/login/login.js": {"path":"/Users/emma/Coding/Makers/week 8/Insert-Team-Name-react-native/src/screens/login/login.js","statementMap":{"0":{"start":{"line":6,"column":14},"end":{"line":24,"column":1}},"1":{"start":{"line":8,"column":2},"end":{"line":23,"column":4}},"2":{"start":{"line":26,"column":15},"end":{"line":60,"column":2}}},"fnMap":{"0":{"name":"(anonymous_0)","decl":{"start":{"line":6,"column":14},"end":{"line":6,"column":15}},"loc":{"start":{"line":6,"column":20},"end":{"line":24,"column":1}},"line":6}},"branchMap":{},"s":{"0":2,"1":2,"2":2},"f":{"0":2},"b":{},"_coverageSchema":"1a1c01bbd47fc00a2c39e90264f33305004495a9","hash":"a684a42f0749f11738d532838c6024eb4f64873a"}
}
